[00:27:23] [Server thread/INFO]: Starting minecraft server version 1.11
[00:27:23] [Server thread/INFO]: Loading properties
[00:27:24] [Server thread/INFO]: Default game type: SURVIVAL
[00:27:24] [Server thread/INFO]: Generating keypair
[00:27:25] [Server thread/INFO]: Starting Minecraft server on *:25565
[00:27:26] [Server thread/INFO]: Using default channel type
[00:27:26] [Server thread/INFO]: Preparing level "world"
[00:27:29] [Server thread/INFO]: Preparing start region for level 0
[00:27:35] [Server thread/INFO]: Preparing spawn area: 0%
[00:27:36] [Server thread/INFO]: Preparing spawn area: 2%
[00:27:37] [Server thread/INFO]: Preparing spawn area: 8%
[00:27:38] [Server thread/INFO]: Preparing spawn area: 15%
[00:27:39] [Server thread/INFO]: Preparing spawn area: 22%
[00:27:40] [Server thread/INFO]: Preparing spawn area: 28%
[00:27:41] [Server thread/INFO]: Preparing spawn area: 34%
[00:27:42] [Server thread/INFO]: Preparing spawn area: 41%
[00:27:43] [Server thread/INFO]: Preparing spawn area: 49%
[00:27:44] [Server thread/INFO]: Preparing spawn area: 56%
[00:27:45] [Server thread/INFO]: Preparing spawn area: 64%
[00:27:46] [Server thread/INFO]: Preparing spawn area: 71%
[00:27:47] [Server thread/INFO]: Preparing spawn area: 75%
[00:27:48] [Server thread/INFO]: Preparing spawn area: 85%
[00:27:49] [Server thread/INFO]: Preparing spawn area: 94%
[00:27:50] [Server thread/INFO]: Done (23.216s)! For help, type "help" or "?"
[00:27:54] [Server thread/WARN]: Can't keep up! Did the system time change, or is the server overloaded? Running 3253ms behind, skipping 65 tick(s)
[00:27:58] [Server thread/INFO]: Stopping the server
[00:27:59] [Server thread/INFO]: Stopping server
[00:27:59] [Server thread/INFO]: Saving players
[00:27:59] [Server thread/INFO]: Saving worlds
[00:27:59] [Server thread/INFO]: Saving chunks for level 'world'/Overworld
[00:28:01] [Server thread/INFO]: Saving chunks for level 'world'/Nether
[00:28:01] [Server thread/INFO]: Saving chunks for level 'world'/The End
[00:28:02] [Server Shutdown Thread/INFO]: Stopping server
